d:\citm\ddvii\physics ii\newpinball\debug\vc140.pdb
d:\citm\ddvii\physics ii\newpinball\debug\vc140.idb
d:\citm\ddvii\physics ii\newpinball\debug\application.obj
d:\citm\ddvii\physics ii\newpinball\debug\log.obj
d:\citm\ddvii\physics ii\newpinball\debug\main.obj
d:\citm\ddvii\physics ii\newpinball\debug\moduleaudio.obj
d:\citm\ddvii\physics ii\newpinball\debug\moduleinput.obj
d:\citm\ddvii\physics ii\newpinball\debug\modulephysics.obj
d:\citm\ddvii\physics ii\newpinball\debug\moduleplayer.obj
d:\citm\ddvii\physics ii\newpinball\debug\modulerender.obj
d:\citm\ddvii\physics ii\newpinball\debug\modulesceneintro.obj
d:\citm\ddvii\physics ii\newpinball\debug\moduletextures.obj
d:\citm\ddvii\physics ii\newpinball\debug\modulewindow.obj
d:\citm\ddvii\physics ii\newpinball\debug\2d physics - class 4.ilk
d:\citm\ddvii\physics ii\newpinball\debug\2d physics - class 4.exe
d:\citm\ddvii\physics ii\newpinball\debug\2d physics - class 4.pdb
d:\citm\ddvii\physics ii\newpinball\debug\2d physi.746cc4c3.tlog\cl.command.1.tlog
d:\citm\ddvii\physics ii\newpinball\debug\2d physi.746cc4c3.tlog\cl.read.1.tlog
d:\citm\ddvii\physics ii\newpinball\debug\2d physi.746cc4c3.tlog\cl.write.1.tlog
d:\citm\ddvii\physics ii\newpinball\debug\2d physi.746cc4c3.tlog\link.command.1.tlog
d:\citm\ddvii\physics ii\newpinball\debug\2d physi.746cc4c3.tlog\link.read.1.tlog
d:\citm\ddvii\physics ii\newpinball\debug\2d physi.746cc4c3.tlog\link.write.1.tlog
