  Application.cpp
C:\Program Files (x86)\Microsoft Visual Studio 14.0\VC\include\limits(210): warning C4577: 'noexcept' used with no exception handling mode specified; termination on exception is not guaranteed. Specify /EHsc
  ModulePhysics.cpp
ModulePhysics.cpp(180): warning C4244: '=': conversion from 'float' to 'int', possible loss of data
ModulePhysics.cpp(181): warning C4244: '=': conversion from 'float' to 'int', possible loss of data
ModulePhysics.cpp(224): warning C4018: '<': signed/unsigned mismatch
ModulePhysics.cpp(272): warning C4244: '=': conversion from 'float' to 'int', possible loss of data
ModulePhysics.cpp(273): warning C4244: '=': conversion from 'float' to 'int', possible loss of data
ModulePhysics.cpp(304): warning C4244: '=': conversion from 'float' to 'int', possible loss of data
ModulePhysics.cpp(305): warning C4244: '=': conversion from 'float' to 'int', possible loss of data
ModulePhysics.cpp(318): warning C4244: 'argument': conversion from 'const float32' to 'int', possible loss of data
ModulePhysics.cpp(492): warning C4244: 'initializing': conversion from 'int' to 'float', possible loss of data
ModulePhysics.cpp(493): warning C4244: 'initializing': conversion from 'int' to 'float', possible loss of data
ModulePhysics.cpp(499): warning C4244: 'return': conversion from 'float32' to 'int', possible loss of data
C:\Program Files (x86)\Microsoft Visual Studio 14.0\VC\include\cmath(131): warning C4577: 'noexcept' used with no exception handling mode specified; termination on exception is not guaranteed. Specify /EHsc
  ModuleSceneIntro.cpp
ModuleSceneIntro.cpp(312): warning C4305: 'argument': truncation from 'double' to 'float32'
ModuleSceneIntro.cpp(442): warning C4244: 'argument': conversion from 'float' to 'int', possible loss of data
ModuleSceneIntro.cpp(447): warning C4244: 'argument': conversion from 'float' to 'int', possible loss of data
ModuleSceneIntro.cpp(455): warning C4244: 'argument': conversion from 'int' to 'float32', possible loss of data
ModuleSceneIntro.cpp(486): warning C4101: 'y': unreferenced local variable
ModuleSceneIntro.cpp(486): warning C4101: 'x': unreferenced local variable
C:\Program Files (x86)\Microsoft Visual Studio 14.0\VC\include\limits(210): warning C4577: 'noexcept' used with no exception handling mode specified; termination on exception is not guaranteed. Specify /EHsc
  Generating code
  3 of 230 functions ( 1.3%) were compiled, the rest were copied from previous compilation.
    0 functions were new in current compilation
    1 functions had inline decision re-evaluated but remain unchanged
  Finished generating code
  SDL Game.vcxproj -> C:\Users\Usuario\Documents\GitHub\Pinball\Release\2D Physics - class 4.exe
  SDL Game.vcxproj -> C:\Users\Usuario\Documents\GitHub\Pinball\Release\2D Physics - class 4.pdb (Full PDB)
